c:\program files\autodesk\maya2017\devkit\plug-ins\viewrenderoverridepostcolor\x64\debug\viewrenderoverridepostcolor.pdb
c:\program files\autodesk\maya2017\devkit\plug-ins\viewrenderoverridepostcolor\x64\debug\viewrenderoverridepostcolor.idb
c:\program files\autodesk\maya2017\devkit\plug-ins\viewrenderoverridepostcolor\x64\debug\viewrenderoverridepostcolormain.obj
c:\program files\autodesk\maya2017\devkit\plug-ins\viewrenderoverridepostcolor\x64\debug\viewrenderoverridepostcolor.obj
c:\program files\autodesk\maya2017\devkit\plug-ins\viewrenderoverridepostcolor\x64\debug\viewrenderoverridepostcolorcmd.obj
c:\users\connie\desktop\cis660\authoring_tool\cis660-watercolormaya\viewrenderoverridepostcolor\x64\debug\viewrenderoverridepostcolor.pdb
c:\users\connie\desktop\cis660\authoring_tool\cis660-watercolormaya\viewrenderoverridepostcolor\x64\debug\viewrenderoverridepostcolor.idb
c:\users\connie\desktop\cis660\authoring_tool\cis660-watercolormaya\viewrenderoverridepostcolor\x64\debug\viewrenderoverridepostcolormain.obj
c:\users\connie\desktop\cis660\authoring_tool\cis660-watercolormaya\viewrenderoverridepostcolor\x64\debug\viewrenderoverridepostcolor.obj
c:\users\connie\desktop\cis660\authoring_tool\cis660-watercolormaya\viewrenderoverridepostcolor\x64\debug\viewrenderoverridepostcolorcmd.obj
c:\program files\autodesk\maya2017\devkit\plug-ins\viewrenderoverridepostcolor\x64\debug\viewrenderoverridepostcolor.ilk
c:\program files\autodesk\maya2017\devkit\plug-ins\viewrenderoverridepostcolor\x64\debug\viewrenderoverridepostcolor.mll
c:\users\connie\desktop\cis660\authoring_tool\cis660-watercolormaya\viewrenderoverridepostcolor\x64\debug\viewrenderoverridepostcolor.ilk
c:\users\connie\desktop\cis660\authoring_tool\cis660-watercolormaya\viewrenderoverridepostcolor\x64\debug\viewrenderoverridepostcolor.mll
c:\program files\autodesk\maya2017\devkit\plug-ins\viewrenderoverridepostcolor\x64\debug\viewrenderoverridepostcolor.lib
c:\program files\autodesk\maya2017\devkit\plug-ins\viewrenderoverridepostcolor\x64\debug\viewrenderoverridepostcolor.exp
c:\users\connie\desktop\cis660\authoring_tool\cis660-watercolormaya\viewrenderoverridepostcolor\x64\debug\viewrenderoverridepostcolor.lib
c:\users\connie\desktop\cis660\authoring_tool\cis660-watercolormaya\viewrenderoverridepostcolor\x64\debug\viewrenderoverridepostcolor.exp
c:\users\ellen\desktop\cis660-watercolormaya\viewrenderoverridepostcolor\x64\debug\viewrenderoverridepostcolor.obj
c:\users\ellen\desktop\cis660-watercolormaya\viewrenderoverridepostcolor\x64\debug\viewrenderoverridepostcolorcmd.obj
c:\users\ellen\desktop\cis660-watercolormaya\viewrenderoverridepostcolor\x64\debug\viewrenderoverridepostcolormain.obj
c:\users\ellen\desktop\cis660-watercolormaya\viewrenderoverridepostcolor\x64\debug\viewrenderoverridepostcolor.ilk
c:\users\ellen\desktop\cis660-watercolormaya\viewrenderoverridepostcolor\x64\debug\viewrenderoverridepostcolor.exp
c:\users\ellen\desktop\cis660-watercolormaya\viewrenderoverridepostcolor\x64\debug\viewrenderoverridepostcolor.idb
c:\users\ellen\desktop\cis660-watercolormaya\viewrenderoverridepostcolor\x64\debug\viewrenderoverridepostcolor.pdb
c:\users\ellen\desktop\cis660-watercolormaya\viewrenderoverridepostcolor\x64\debug\viewrenderoverridepostcolor.mll
c:\users\ellen\desktop\cis660-watercolormaya\viewrenderoverridepostcolor\x64\debug\viewrend.681412b0.tlog\cl.command.1.tlog
c:\users\ellen\desktop\cis660-watercolormaya\viewrenderoverridepostcolor\x64\debug\viewrend.681412b0.tlog\cl.read.1.tlog
c:\users\ellen\desktop\cis660-watercolormaya\viewrenderoverridepostcolor\x64\debug\viewrend.681412b0.tlog\cl.write.1.tlog
c:\users\ellen\desktop\cis660-watercolormaya\viewrenderoverridepostcolor\x64\debug\viewrend.681412b0.tlog\link.command.1.tlog
c:\users\ellen\desktop\cis660-watercolormaya\viewrenderoverridepostcolor\x64\debug\viewrend.681412b0.tlog\link.read.1.tlog
c:\users\ellen\desktop\cis660-watercolormaya\viewrenderoverridepostcolor\x64\debug\viewrend.681412b0.tlog\link.write.1.tlog
c:\users\ellen\desktop\cis660-watercolormaya\viewrenderoverridepostcolor\x64\debug\viewrend.681412b0.tlog\viewrenderoverridepostcolor.write.1u.tlog
